Using pre-set license
Built from '2020.3/staging' branch; Version is '2020.3.32f1 (12f8b0834f07) revision 1243312'; Using compiler version '192528614'; Build Type 'Release'
OS: 'Windows 10  (10.0.19043) 64bit Professional' Language: 'pt' Physical Memory: 16322 MB
BatchMode: 1, IsHumanControllingUs: 0, StartBugReporterOnCrash: 0, Is64bit: 1, IsPro: 0

COMMAND LINE ARGUMENTS:
C:\Program Files\Unity\Hub\Editor\2020.3.32f1\Editor\Unity.exe
-adb2
-batchMode
-noUpm
-name
AssetImportWorker0
-projectPath
C:/Users/ra00274473/ReinaldoShader
-logFile
Logs/AssetImportWorker0.log
-srvPort
61944
Successfully changed project path to: C:/Users/ra00274473/ReinaldoShader
C:/Users/ra00274473/ReinaldoShader
Using Asset Import Pipeline V2.
Refreshing native plugins compatible for Editor in 92.03 ms, found 2 plugins.
Preloading 0 native plugins for Editor in 0.00 ms.
Initialize engine version: 2020.3.32f1 (12f8b0834f07)
[Subsystems] Discovering subsystems at path C:/Program Files/Unity/Hub/Editor/2020.3.32f1/Editor/Data/Resources/UnitySubsystems
[Subsystems] Discovering subsystems at path C:/Users/ra00274473/ReinaldoShader/Assets
GfxDevice: creating device client; threaded=0
Direct3D:
    Version:  Direct3D 11.0 [level 11.0]
    Renderer: NVIDIA GeForce GTX 745 (ID=0x1382)
    Vendor:   
    VRAM:     4053 MB
    Driver:   30.0.15.1179
Initialize mono
Mono path[0] = 'C:/Program Files/Unity/Hub/Editor/2020.3.32f1/Editor/Data/Managed'
Mono path[1] = 'C:/Program Files/Unity/Hub/Editor/2020.3.32f1/Editor/Data/MonoBleedingEdge/lib/mono/unityjit'
Mono config path = 'C:/Program Files/Unity/Hub/Editor/2020.3.32f1/Editor/Data/MonoBleedingEdge/etc'
Using monoOptions --debugger-agent=transport=dt_socket,embedding=1,server=y,suspend=n,address=127.0.0.1:56040
Begin MonoManager ReloadAssembly
Registering precompiled unity dll's ...
Register platform support module: C:/Program Files/Unity/Hub/Editor/2020.3.32f1/Editor/Data/PlaybackEngines/WindowsStandaloneSupport/UnityEditor.WindowsStandalone.Extensions.dll
Registered in 0.001796 seconds.
Native extension for WindowsStandalone target not found
Refreshing native plugins compatible for Editor in 69.15 ms, found 2 plugins.
Preloading 0 native plugins for Editor in 0.00 ms.
Mono: successfully reloaded assembly
- Completed reload, in  0.730 seconds
Domain Reload Profiling:
	ReloadAssembly (730ms)
		BeginReloadAssembly (77ms)
			ExecutionOrderSort (0ms)
			DisableScriptedObjects (0ms)
			BackupInstance (0ms)
			ReleaseScriptingObjects (0ms)
			CreateAndSetChildDomain (1ms)
		EndReloadAssembly (572ms)
			LoadAssemblies (75ms)
			RebuildTransferFunctionScriptingTraits (0ms)
			SetupTypeCache (209ms)
			ReleaseScriptCaches (0ms)
			RebuildScriptCaches (32ms)
			SetupLoadedEditorAssemblies (212ms)
				LogAssemblyErrors (0ms)
				InitializePlatformSupportModulesInManaged (5ms)
				SetLoadedEditorAssemblies (0ms)
				RefreshPlugins (69ms)
				BeforeProcessingInitializeOnLoad (15ms)
				ProcessInitializeOnLoadAttributes (93ms)
				ProcessInitializeOnLoadMethodAttributes (30ms)
				AfterProcessingInitializeOnLoad (0ms)
				EditorAssembliesLoaded (0ms)
			ExecutionOrderSort2 (0ms)
			AwakeInstancesAfterBackupRestoration (0ms)
Platform modules already initialized, skipping
Registering precompiled user dll's ...
Registered in 0.005202 seconds.
Begin MonoManager ReloadAssembly
Native extension for WindowsStandalone target not found
Refreshing native plugins compatible for Editor in 73.39 ms, found 2 plugins.
Preloading 0 native plugins for Editor in 0.00 ms.
Mono: successfully reloaded assembly
- Completed reload, in  1.436 seconds
Domain Reload Profiling:
	ReloadAssembly (1437ms)
		BeginReloadAssembly (173ms)
			ExecutionOrderSort (0ms)
			DisableScriptedObjects (5ms)
			BackupInstance (0ms)
			ReleaseScriptingObjects (0ms)
			CreateAndSetChildDomain (27ms)
		EndReloadAssembly (1202ms)
			LoadAssemblies (108ms)
			RebuildTransferFunctionScriptingTraits (0ms)
			SetupTypeCache (346ms)
			ReleaseScriptCaches (1ms)
			RebuildScriptCaches (59ms)
			SetupLoadedEditorAssemblies (567ms)
				LogAssemblyErrors (0ms)
				InitializePlatformSupportModulesInManaged (4ms)
				SetLoadedEditorAssemblies (0ms)
				RefreshPlugins (73ms)
				BeforeProcessingInitializeOnLoad (129ms)
				ProcessInitializeOnLoadAttributes (247ms)
				ProcessInitializeOnLoadMethodAttributes (106ms)
				AfterProcessingInitializeOnLoad (7ms)
				EditorAssembliesLoaded (0ms)
			ExecutionOrderSort2 (0ms)
			AwakeInstancesAfterBackupRestoration (7ms)
Platform modules already initialized, skipping
========================================================================
Worker process is ready to serve import requests
Launched and connected shader compiler UnityShaderCompiler.exe after 0.04 seconds
Refreshing native plugins compatible for Editor in 1.03 ms, found 2 plugins.
Preloading 0 native plugins for Editor in 0.00 ms.
Unloading 3443 Unused Serialized files (Serialized files now loaded: 0)
System memory in use before: 145.7 MB.
System memory in use after: 145.9 MB.

Unloading 56 unused Assets to reduce memory usage. Loaded Objects now: 3851.
Total: 7.075000 ms (FindLiveObjects: 0.343100 ms CreateObjectMapping: 0.317500 ms MarkObjects: 6.307700 ms  DeleteObjects: 0.105800 ms)

AssetImportParameters requested are different than current active one (requested -> active):
  custom:framework-win-MediaFoundation: 216162199b28c13a410421893ffa2e32 -> 
  custom:video-decoder-ogg-theora: a1e56fd34408186e4bbccfd4996cb3dc -> 
  custom:container-muxer-webm: aa71ff27fc2769a1b78a27578f13a17b -> 
  custom:container-demuxer-webm: 4f35f7cbe854078d1ac9338744f61a02 -> 
  custom:container-demuxer-ogg: 62fdf1f143b41e24485cea50d1cbac27 -> 
  custom:video-encoder-webm-vp8: eb34c28f22e8b96e1ab97ce403110664 -> 
  custom:video-decoder-webm-vp8: 9c59270c3fd7afecdb556c50c9e8de78 -> 
  custom:audio-decoder-ogg-vorbis: bf7c407c2cedff20999df2af8eb42d56 -> 
  custom:audio-encoder-webm-vorbis: bf7c407c2cedff20999df2af8eb42d56 -> 
========================================================================
Received Import Request.
  path: Assets/Materials/MATERIAL1.mat
  artifactKey: Guid(cada41925418cd24ea0089cdec26d275) Importer(815301076,1909f56bfc062723c751e8b465ee728b)
Start importing Assets/Materials/MATERIAL1.mat using Guid(cada41925418cd24ea0089cdec26d275) Importer(815301076,1909f56bfc062723c751e8b465ee728b)  -> (artifact id: '4dbcb591ce163691e19d9c9709d2307e') in 0.499319 seconds 
========================================================================
Received Import Request.
  Time since last request: 263.913528 seconds.
  path: Assets/Materials/Material1.shader
  artifactKey: Guid(b2392d254896b6a46b74bae375b21f78) Importer(815301076,1909f56bfc062723c751e8b465ee728b)
Start importing Assets/Materials/Material1.shader using Guid(b2392d254896b6a46b74bae375b21f78) Importer(815301076,1909f56bfc062723c751e8b465ee728b)  -> (artifact id: '66a2c425e53c0a30e8ba0965d1439b3a') in 0.027321 seconds 
========================================================================
Received Import Request.
  Time since last request: 270.120731 seconds.
  path: Assets/Materials/Shader Holanda.shader
  artifactKey: Guid(fdf6319809554f04e8e9f4dbb02fd953) Importer(815301076,1909f56bfc062723c751e8b465ee728b)
Start importing Assets/Materials/Shader Holanda.shader using Guid(fdf6319809554f04e8e9f4dbb02fd953) Importer(815301076,1909f56bfc062723c751e8b465ee728b)  -> (artifact id: 'be9569b7c4fa3632b9ceae7b4b58f543') in 0.008904 seconds 
========================================================================
Received Import Request.
  Time since last request: 61.907980 seconds.
  path: Assets/Materials/Shader Holanda.shader
  artifactKey: Guid(fdf6319809554f04e8e9f4dbb02fd953) Importer(815301076,1909f56bfc062723c751e8b465ee728b)
Start importing Assets/Materials/Shader Holanda.shader using Guid(fdf6319809554f04e8e9f4dbb02fd953) Importer(815301076,1909f56bfc062723c751e8b465ee728b)  -> (artifact id: '2393bc2fae3f0e7c48866e46194009e2') in 0.002931 seconds 
========================================================================
Received Import Request.
  Time since last request: 14.283376 seconds.
  path: Assets/Materials/New Material.mat
  artifactKey: Guid(0238e692d04502c418268c07237ea068) Importer(815301076,1909f56bfc062723c751e8b465ee728b)
Start importing Assets/Materials/New Material.mat using Guid(0238e692d04502c418268c07237ea068) Importer(815301076,1909f56bfc062723c751e8b465ee728b)  -> (artifact id: 'e954463008e9ea6f92cf8417b70eabc6') in 0.023659 seconds 
========================================================================
Received Import Request.
  Time since last request: 27.330153 seconds.
  path: Assets/Materials/ShaderJapao.shader
  artifactKey: Guid(ceb512910200a384da054f9b854b3104) Importer(815301076,1909f56bfc062723c751e8b465ee728b)
Start importing Assets/Materials/ShaderJapao.shader using Guid(ceb512910200a384da054f9b854b3104) Importer(815301076,1909f56bfc062723c751e8b465ee728b)  -> (artifact id: 'b91f38fb5339c9c53ce6e5aa333848de') in 0.008087 seconds 
========================================================================
Received Import Request.
  Time since last request: 45.741321 seconds.
  path: Assets/Materials/ShaderJapao.shader
  artifactKey: Guid(ceb512910200a384da054f9b854b3104) Importer(815301076,1909f56bfc062723c751e8b465ee728b)
Start importing Assets/Materials/ShaderJapao.shader using Guid(ceb512910200a384da054f9b854b3104) Importer(815301076,1909f56bfc062723c751e8b465ee728b)  -> (artifact id: 'a02e6672e1a9912e55cb1497966ed2d3') in 0.003170 seconds 
========================================================================
Received Import Request.
  Time since last request: 12.443095 seconds.
  path: Assets/Materials/Japao.mat
  artifactKey: Guid(1a19b9681f8d852489453f86d51cb920) Importer(815301076,1909f56bfc062723c751e8b465ee728b)
Start importing Assets/Materials/Japao.mat using Guid(1a19b9681f8d852489453f86d51cb920) Importer(815301076,1909f56bfc062723c751e8b465ee728b)  -> (artifact id: '26599f96695fe92f24429a8e83d0d14d') in 0.017317 seconds 
========================================================================
Received Import Request.
  Time since last request: 0.000328 seconds.
  path: Assets/Materials/New Material.mat
  artifactKey: Guid(0238e692d04502c418268c07237ea068) Importer(815301076,1909f56bfc062723c751e8b465ee728b)
Start importing Assets/Materials/New Material.mat using Guid(0238e692d04502c418268c07237ea068) Importer(815301076,1909f56bfc062723c751e8b465ee728b)  -> (artifact id: 'eb13cfe4eee10e5d9f3d2495eafa102a') in 0.019057 seconds 
========================================================================
Received Import Request.
  Time since last request: 660.589532 seconds.
  path: Assets/Materials/Shader3009.shader
  artifactKey: Guid(13ae02c99d69ca64ea596f0b18fd327f) Importer(815301076,1909f56bfc062723c751e8b465ee728b)
Start importing Assets/Materials/Shader3009.shader using Guid(13ae02c99d69ca64ea596f0b18fd327f) Importer(815301076,1909f56bfc062723c751e8b465ee728b)  -> (artifact id: '4d0214b7262940658698d7a0be3b47c4') in 0.008979 seconds 
========================================================================
Received Import Request.
  Time since last request: 34.444470 seconds.
  path: Assets/Materials/Japao.mat
  artifactKey: Guid(1a19b9681f8d852489453f86d51cb920) Importer(815301076,1909f56bfc062723c751e8b465ee728b)
Start importing Assets/Materials/Japao.mat using Guid(1a19b9681f8d852489453f86d51cb920) Importer(815301076,1909f56bfc062723c751e8b465ee728b)  -> (artifact id: '4c4ae94fbad32456f691bb5850a9afa2') in 0.023107 seconds 
========================================================================
Received Import Request.
  Time since last request: 891.304567 seconds.
  path: Assets/Materials/Bélgica.mat
  artifactKey: Guid(cada41925418cd24ea0089cdec26d275) Importer(815301076,1909f56bfc062723c751e8b465ee728b)
Start importing Assets/Materials/Bélgica.mat using Guid(cada41925418cd24ea0089cdec26d275) Importer(815301076,1909f56bfc062723c751e8b465ee728b)  -> (artifact id: '9dd6eec7067cfbf0415d21d2506a0606') in 0.030425 seconds 
========================================================================
Received Import Request.
  Time since last request: 9.321607 seconds.
  path: Assets/Materials/Holanda.mat
  artifactKey: Guid(0238e692d04502c418268c07237ea068) Importer(815301076,1909f56bfc062723c751e8b465ee728b)
Start importing Assets/Materials/Holanda.mat using Guid(0238e692d04502c418268c07237ea068) Importer(815301076,1909f56bfc062723c751e8b465ee728b)  -> (artifact id: '99218636ac87c67046be5ee6524c1518') in 0.014322 seconds 
========================================================================
Received Import Request.
  Time since last request: 2.303985 seconds.
  path: Assets/Materials/Material1.shader
  artifactKey: Guid(b2392d254896b6a46b74bae375b21f78) Importer(815301076,1909f56bfc062723c751e8b465ee728b)
Start importing Assets/Materials/Material1.shader using Guid(b2392d254896b6a46b74bae375b21f78) Importer(815301076,1909f56bfc062723c751e8b465ee728b)  -> (artifact id: '77476a1cf10cfa4efe83f84e90c37d28') in 0.006711 seconds 
========================================================================
Received Import Request.
  Time since last request: 22.974052 seconds.
  path: Assets/Materials/ShaderBélgica.shader
  artifactKey: Guid(b2392d254896b6a46b74bae375b21f78) Importer(815301076,1909f56bfc062723c751e8b465ee728b)
Start importing Assets/Materials/ShaderBélgica.shader using Guid(b2392d254896b6a46b74bae375b21f78) Importer(815301076,1909f56bfc062723c751e8b465ee728b)  -> (artifact id: '2d93f077db90c5053f1901024077590d') in 0.006025 seconds 
AssetImportWorkerClient::OnTransportError - code=2 error=End of file
